c:\users\денис\desktop\тп_3лаба\prolab3\debug\vc120.pdb
c:\users\денис\desktop\тп_3лаба\prolab3\debug\vc120.idb
c:\users\денис\desktop\тп_3лаба\prolab3\debug\main.obj
n:\тп_3лаба\prolab3\debug\vc120.pdb
n:\тп_3лаба\prolab3\debug\vc120.idb
n:\тп_3лаба\prolab3\debug\main.obj
c:\users\денис\desktop\тп_3лаба\debug\prolab3.ilk
c:\users\денис\desktop\тп_3лаба\debug\prolab3.exe
c:\users\денис\desktop\тп_3лаба\debug\prolab3.pdb
n:\тп_3лаба\debug\prolab3.ilk
n:\тп_3лаба\debug\prolab3.exe
n:\тп_3лаба\debug\prolab3.pdb
g:\тп_3лаба\prolab3\debug\main.obj
g:\тп_3лаба\prolab3\debug\vc120.idb
g:\тп_3лаба\prolab3\debug\vc120.pdb
g:\тп_3лаба\debug\prolab3.pdb
g:\тп_3лаба\debug\prolab3.exe
g:\тп_3лаба\debug\prolab3.ilk
g:\тп_3лаба\prolab3\debug\prolab3.tlog\cl.command.1.tlog
g:\тп_3лаба\prolab3\debug\prolab3.tlog\cl.read.1.tlog
g:\тп_3лаба\prolab3\debug\prolab3.tlog\cl.write.1.tlog
g:\тп_3лаба\prolab3\debug\prolab3.tlog\link.command.1.tlog
g:\тп_3лаба\prolab3\debug\prolab3.tlog\link.read.1.tlog
g:\тп_3лаба\prolab3\debug\prolab3.tlog\link.write.1.tlog
